<?xml version="1.0" encoding="UTF-8"?>
<!-- Generated by org.testng.reporters.JUnitReportReporter -->
<testsuite hostname="DESKTOP-BMBA81U" failures="0" tests="1" name="seleniumtest.SeleniumFirstTest" time="0.015" errors="0" timestamp="2025-04-17T18:02:14 IST" skipped="0">
  <testcase classname="seleniumtest.SeleniumFirstTest" name="test1" time="0.015"/>
  <system-out/>
</testsuite> <!-- seleniumtest.SeleniumFirstTest -->
