<?xml version="1.0" encoding="UTF-8"?>
<!-- Generated by org.testng.reporters.JUnitReportReporter -->
<testsuite hostname="DESKTOP-VET6UUR" failures="0" tests="1" name="tests.EmbarkTest" time="100.240" errors="0" timestamp="2025-04-18T19:00:52 IST" skipped="0">
  <testcase classname="tests.EmbarkTest" name="embarkFlowTest" time="100.240"/>
</testsuite> <!-- tests.EmbarkTest -->
